<?xml version="1.0" encoding="UTF-8"?>
<!-- Generated by org.testng.reporters.JUnitReportReporter -->
<testsuite hostname="Quang" failures="0" tests="3" name="com.quannguyen.tests.LoginTest" time="25.584" errors="0" timestamp="2022-07-10T02:58:27 ICT" skipped="0">
  <testcase classname="com.quannguyen.tests.LoginTest" name="openBrowser" time="6.086"/>
  <system-out/>
  <testcase classname="com.quannguyen.tests.LoginTest" name="LoginUnsuccessfully" time="8.350"/>
  <system-out/>
  <testcase classname="com.quannguyen.tests.LoginTest" name="LoginSuccessfulCase" time="11.148"/>
  <system-out/>
</testsuite> <!-- com.quannguyen.tests.LoginTest -->
