<?xml version="1.0" encoding="UTF-8"?>
<!-- Generated by org.testng.reporters.JUnitReportReporter -->
<testsuite hostname="Quang" failures="0" tests="3" name="com.quannguyen.tests.LoginTest" time="26.724" errors="0" timestamp="2022-07-10T03:30:21 ICT" skipped="0">
  <testcase classname="com.quannguyen.tests.LoginTest" name="openBrowser" time="8.178"/>
  <system-out/>
  <testcase classname="com.quannguyen.tests.LoginTest" name="LoginSuccessfulCase" time="9.588"/>
  <system-out/>
  <testcase classname="com.quannguyen.tests.LoginTest" name="LoginUnsuccessfully" time="8.958"/>
  <system-out/>
</testsuite> <!-- com.quannguyen.tests.LoginTest -->
